<?xml version="1.0" encoding="UTF-8"?>
<testng-results ignored="0" total="2" passed="2" failed="0" skipped="0">
  <reporter-output>
    <line>
      <![CDATA[Chrome Browser Launched]]>
    </line>
    <line>
      <![CDATA[Navigated to reddit.com]]>
    </line>
    <line>
      <![CDATA[Logged in as : mavdabbler]]>
    </line>
    <line>
      <![CDATA[Create Post option is available]]>
    </line>
    <line>
      <![CDATA[Post was created and verified]]>
    </line>
    <line>
      <![CDATA[Chrome Browser Launched]]>
    </line>
    <line>
      <![CDATA[Navigated to the created post]]>
    </line>
    <line>
      <![CDATA[Successfully commented on Post]]>
    </line>
    <line>
      <![CDATA[Comment is Upvoted and verified]]>
    </line>
    <line>
      <![CDATA[Comment is downvoted and verified]]>
    </line>
  </reporter-output>
  <suite started-at="2021-07-10T13:13:24 IST" name="All Test Suite" finished-at="2021-07-10T13:13:55 IST" duration-ms="30813">
    <groups>
    </groups>
    <test started-at="2021-07-10T13:13:24 IST" name="/Users/cb-vinayak/work/selenium/src/test/java/Reddit.java" finished-at="2021-07-10T13:13:55 IST" duration-ms="30813">
      <class name="Reddit">
        <test-method is-config="true" signature="setUp()[pri:0, instance:Reddit@5339bbad]" started-at="2021-07-10T13:13:24 IST" name="setUp" finished-at="2021-07-10T13:13:24 IST" duration-ms="6" status="PASS">
          <reporter-output>
            <line>
              <![CDATA[Chrome Browser Launched]]>
            </line>
          </reporter-output>
        </test-method> <!-- setUp -->
        <test-method signature="verifyRedditPostFunctionality()[pri:0, instance:Reddit@5339bbad]" started-at="2021-07-10T13:13:24 IST" name="verifyRedditPostFunctionality" description="Navigation to reddit.com and create a post" finished-at="2021-07-10T13:13:50 IST" duration-ms="25587" status="PASS">
          <reporter-output>
            <line>
              <![CDATA[Navigated to reddit.com]]>
            </line>
            <line>
              <![CDATA[Logged in as : mavdabbler]]>
            </line>
            <line>
              <![CDATA[Create Post option is available]]>
            </line>
            <line>
              <![CDATA[Post was created and verified]]>
            </line>
          </reporter-output>
        </test-method> <!-- verifyRedditPostFunctionality -->
        <test-method is-config="true" signature="closeDriver()[pri:0, instance:Reddit@5339bbad]" started-at="2021-07-10T13:13:50 IST" name="closeDriver" finished-at="2021-07-10T13:13:50 IST" duration-ms="0" status="PASS">
          <reporter-output>
          </reporter-output>
        </test-method> <!-- closeDriver -->
        <test-method is-config="true" signature="setUp()[pri:0, instance:Reddit@5339bbad]" started-at="2021-07-10T13:13:50 IST" name="setUp" finished-at="2021-07-10T13:13:50 IST" duration-ms="1" status="PASS">
          <reporter-output>
            <line>
              <![CDATA[Chrome Browser Launched]]>
            </line>
          </reporter-output>
        </test-method> <!-- setUp -->
        <test-method signature="verifyCommentingAndVotingOnAPost()[pri:1, instance:Reddit@5339bbad]" started-at="2021-07-10T13:13:50 IST" name="verifyCommentingAndVotingOnAPost" description="Commenting on a post and verify voting functionality" finished-at="2021-07-10T13:13:55 IST" duration-ms="5189" status="PASS">
          <reporter-output>
            <line>
              <![CDATA[Navigated to the created post]]>
            </line>
            <line>
              <![CDATA[Successfully commented on Post]]>
            </line>
            <line>
              <![CDATA[Comment is Upvoted and verified]]>
            </line>
            <line>
              <![CDATA[Comment is downvoted and verified]]>
            </line>
          </reporter-output>
        </test-method> <!-- verifyCommentingAndVotingOnAPost -->
        <test-method is-config="true" signature="closeDriver()[pri:0, instance:Reddit@5339bbad]" started-at="2021-07-10T13:13:55 IST" name="closeDriver" finished-at="2021-07-10T13:13:55 IST" duration-ms="1" status="PASS">
          <reporter-output>
          </reporter-output>
        </test-method> <!-- closeDriver -->
      </class> <!-- Reddit -->
    </test> <!-- /Users/cb-vinayak/work/selenium/src/test/java/Reddit.java -->
  </suite> <!-- All Test Suite -->
</testng-results>
