<?xml version="1.0" encoding="UTF-8"?>
<!-- Generated by org.testng.reporters.JUnitXMLReporter -->
<testsuite ignored="0" hostname="Users-MacBook-Pro.local" failures="0" tests="2" name="/Users/cb-vinayak/work/selenium/src/test/java/Reddit.java" time="30.813" errors="0" timestamp="2021-07-10T13:14:00 IST">
  <testcase classname="Reddit" name="verifyRedditPostFunctionality" time="25.587"/>
  <testcase classname="Reddit" name="verifyCommentingAndVotingOnAPost" time="5.189"/>
</testsuite> <!-- /Users/cb-vinayak/work/selenium/src/test/java/Reddit.java -->
